Using pre-set license
Built from '2021.1/staging' branch; Version is '2021.1.21f1 (f2d5d3c59f8c) revision 15914451'; Using compiler version '192528614'; Build Type 'Release'
OS: 'Windows 10 Home Single Language; OS build 19043.1288; Version 2009; 64bit' Language: 'en' Physical Memory: 16298 MB
BatchMode: 1, IsHumanControllingUs: 0, StartBugReporterOnCrash: 0, Is64bit: 1, IsPro: 0

COMMAND LINE ARGUMENTS:
C:\Program Files\Unity\Hub\Editor\2021.1.21f1\Editor\Unity.exe
-adb2
-batchMode
-noUpm
-name
AssetImportWorker0
-projectPath
C:/Users/DELL/Desktop/SnowmanHamza
-logFile
Logs/AssetImportWorker0.log
-srvPort
54537
Successfully changed project path to: C:/Users/DELL/Desktop/SnowmanHamza
C:/Users/DELL/Desktop/SnowmanHamza
Using Asset Import Pipeline V2.
Refreshing native plugins compatible for Editor in 162.36 ms, found 3 plugins.
Preloading 0 native plugins for Editor in 0.00 ms.
Initialize engine version: 2021.1.21f1 (f2d5d3c59f8c)
[Subsystems] Discovering subsystems at path C:/Program Files/Unity/Hub/Editor/2021.1.21f1/Editor/Data/Resources/UnitySubsystems
[Subsystems] Discovering subsystems at path C:/Users/DELL/Desktop/SnowmanHamza/Assets
GfxDevice: creating device client; threaded=0; jobified=0
Direct3D:
    Version:  Direct3D 11.0 [level 11.1]
    Renderer: AMD Radeon R7 M265 Series (ID=0x6604)
    Vendor:   ATI
    VRAM:     4076 MB
    Driver:   27.20.1034.6
Initialize mono
Mono path[0] = 'C:/Program Files/Unity/Hub/Editor/2021.1.21f1/Editor/Data/Managed'
Mono path[1] = 'C:/Program Files/Unity/Hub/Editor/2021.1.21f1/Editor/Data/MonoBleedingEdge/lib/mono/unityjit'
Mono config path = 'C:/Program Files/Unity/Hub/Editor/2021.1.21f1/Editor/Data/MonoBleedingEdge/etc'
Using monoOptions --debugger-agent=transport=dt_socket,embedding=1,server=y,suspend=n,address=127.0.0.1:56492
Begin MonoManager ReloadAssembly
Registering precompiled unity dll's ...
Register platform support module: C:/Program Files/Unity/Hub/Editor/2021.1.21f1/Editor/Data/PlaybackEngines/WindowsStandaloneSupport/UnityEditor.WindowsStandalone.Extensions.dll
Registered in 0.009479 seconds.
Native extension for WindowsStandalone target not found
Refreshing native plugins compatible for Editor in 108.67 ms, found 3 plugins.
Preloading 0 native plugins for Editor in 0.00 ms.
Mono: successfully reloaded assembly
- Completed reload, in  3.247 seconds
Domain Reload Profiling:
	ReloadAssembly (3247ms)
		BeginReloadAssembly (175ms)
			ExecutionOrderSort (0ms)
			DisableScriptedObjects (0ms)
			BackupInstance (0ms)
			ReleaseScriptingObjects (0ms)
			CreateAndSetChildDomain (1ms)
		EndReloadAssembly (751ms)
			LoadAssemblies (166ms)
			RebuildTransferFunctionScriptingTraits (0ms)
			SetupTypeCache (320ms)
			ReleaseScriptCaches (0ms)
			RebuildScriptCaches (45ms)
			SetupLoadedEditorAssemblies (307ms)
				LogAssemblyErrors (0ms)
				InitializePlatformSupportModulesInManaged (9ms)
				SetLoadedEditorAssemblies (0ms)
				RefreshPlugins (109ms)
				BeforeProcessingInitializeOnLoad (2ms)
				ProcessInitializeOnLoadAttributes (144ms)
				ProcessInitializeOnLoadMethodAttributes (44ms)
				AfterProcessingInitializeOnLoad (0ms)
				EditorAssembliesLoaded (0ms)
			ExecutionOrderSort2 (0ms)
			AwakeInstancesAfterBackupRestoration (0ms)
Platform modules already initialized, skipping
Registering precompiled user dll's ...
Registered in 0.010064 seconds.
Begin MonoManager ReloadAssembly
Symbol file LoadedFromMemory doesn't match image C:\Users\DELL\Desktop\SnowmanHamza\Library\PackageCache\com.unity.visualscripting@1.6.1\Editor\VisualScripting.Core\Dependencies\YamlDotNet\Unity.VisualScripting.YamlDotNet.dll
Symbol file LoadedFromMemory doesn't match image C:\Users\DELL\Desktop\SnowmanHamza\Library\PackageCache\com.unity.visualscripting@1.6.1\Editor\VisualScripting.Core\Dependencies\DotNetZip\Unity.VisualScripting.IonicZip.dll
Native extension for WindowsStandalone target not found
Refreshing native plugins compatible for Editor in 0.64 ms, found 3 plugins.
Preloading 0 native plugins for Editor in 0.00 ms.
Mono: successfully reloaded assembly
- Completed reload, in  2.791 seconds
Domain Reload Profiling:
	ReloadAssembly (2792ms)
		BeginReloadAssembly (317ms)
			ExecutionOrderSort (0ms)
			DisableScriptedObjects (6ms)
			BackupInstance (0ms)
			ReleaseScriptingObjects (0ms)
			CreateAndSetChildDomain (56ms)
		EndReloadAssembly (2292ms)
			LoadAssemblies (250ms)
			RebuildTransferFunctionScriptingTraits (0ms)
			SetupTypeCache (727ms)
			ReleaseScriptCaches (1ms)
			RebuildScriptCaches (82ms)
			SetupLoadedEditorAssemblies (1135ms)
				LogAssemblyErrors (0ms)
				InitializePlatformSupportModulesInManaged (7ms)
				SetLoadedEditorAssemblies (1ms)
				RefreshPlugins (1ms)
				BeforeProcessingInitializeOnLoad (106ms)
				ProcessInitializeOnLoadAttributes (984ms)
				ProcessInitializeOnLoadMethodAttributes (10ms)
				AfterProcessingInitializeOnLoad (25ms)
				EditorAssembliesLoaded (1ms)
			ExecutionOrderSort2 (0ms)
			AwakeInstancesAfterBackupRestoration (13ms)
Platform modules already initialized, skipping
========================================================================
Worker process is ready to serve import requests
Launched and connected shader compiler UnityShaderCompiler.exe after 0.09 seconds
Refreshing native plugins compatible for Editor in 0.96 ms, found 3 plugins.
Preloading 0 native plugins for Editor in 0.00 ms.
Unloading 2949 Unused Serialized files (Serialized files now loaded: 0)
System memory in use before: 105.8 MB.
System memory in use after: 106.0 MB.

Unloading 20 unused Assets to reduce memory usage. Loaded Objects now: 3395.
Total: 5.521100 ms (FindLiveObjects: 0.312100 ms CreateObjectMapping: 0.182000 ms MarkObjects: 4.929800 ms  DeleteObjects: 0.095700 ms)

AssetImportParameters requested are different than current active one (requested -> active):
  custom:framework-win-MediaFoundation: 216162199b28c13a410421893ffa2e32 -> 
  custom:video-decoder-ogg-theora: a1e56fd34408186e4bbccfd4996cb3dc -> 
  custom:container-muxer-webm: aa71ff27fc2769a1b78a27578f13a17b -> 
  custom:container-demuxer-webm: 4f35f7cbe854078d1ac9338744f61a02 -> 
  custom:container-demuxer-ogg: 62fdf1f143b41e24485cea50d1cbac27 -> 
  custom:video-encoder-webm-vp8: eb34c28f22e8b96e1ab97ce403110664 -> 
  custom:video-decoder-webm-vp8: 9c59270c3fd7afecdb556c50c9e8de78 -> 
  custom:audio-decoder-ogg-vorbis: bf7c407c2cedff20999df2af8eb42d56 -> 
  custom:audio-encoder-webm-vorbis: bf7c407c2cedff20999df2af8eb42d56 -> 
========================================================================
Received Import Request.
  path: Assets
  artifactKey: Guid(00000000000000001000000000000000) Importer(815301076,1909f56bfc062723c751e8b465ee728b)
Start importing Assets using Guid(00000000000000001000000000000000) Importer(815301076,1909f56bfc062723c751e8b465ee728b)  -> (artifact id: '42d402b061de3733987d63b9cc3b64de') in 0.013231 seconds 
========================================================================
Received Import Request.
  Time since last request: 4675.891367 seconds.
  path: Assets/Resources
  artifactKey: Guid(019d192c00b6aee41a2ceec08a5d1cda) Importer(815301076,1909f56bfc062723c751e8b465ee728b)
Start importing Assets/Resources using Guid(019d192c00b6aee41a2ceec08a5d1cda) Importer(815301076,1909f56bfc062723c751e8b465ee728b)  -> (artifact id: 'bc5afd879a193a3e2d1984d8edb1beb9') in 0.013040 seconds 
========================================================================
Received Import Request.
  Time since last request: 128.760565 seconds.
  path: Assets/Resources/Textures
  artifactKey: Guid(83368a7caca113842991a33e4361a51d) Importer(815301076,1909f56bfc062723c751e8b465ee728b)
Start importing Assets/Resources/Textures using Guid(83368a7caca113842991a33e4361a51d) Importer(815301076,1909f56bfc062723c751e8b465ee728b)  -> (artifact id: 'adb6049f3908de94af741c582fe4ef77') in 0.013548 seconds 
========================================================================
Received Import Request.
  Time since last request: 0.056228 seconds.
  path: Assets/Resources/Textures/Snow.jpg
  artifactKey: Guid(d29b071226fac8a469b9da944364897e) Importer(815301076,1909f56bfc062723c751e8b465ee728b)
Start importing Assets/Resources/Textures/Snow.jpg using Guid(d29b071226fac8a469b9da944364897e) Importer(815301076,1909f56bfc062723c751e8b465ee728b)  -> (artifact id: '1dbb2b62a39bce36df7806cacd830d35') in 0.130293 seconds 
========================================================================
Received Import Request.
  Time since last request: 0.000687 seconds.
  path: Assets/Resources/Textures/Velvet.jpg
  artifactKey: Guid(6fdc96e4efc12e84a8753084c16cf021) Importer(815301076,1909f56bfc062723c751e8b465ee728b)
Start importing Assets/Resources/Textures/Velvet.jpg using Guid(6fdc96e4efc12e84a8753084c16cf021) Importer(815301076,1909f56bfc062723c751e8b465ee728b)  -> (artifact id: '8544c86a7f820cae35d918e263044925') in 0.065205 seconds 
========================================================================
Received Import Request.
  Time since last request: 0.001194 seconds.
  path: Assets/Resources/Textures/White.jpg
  artifactKey: Guid(decdb4ca08f13a645ac5a4336a6a5ccc) Importer(815301076,1909f56bfc062723c751e8b465ee728b)
Start importing Assets/Resources/Textures/White.jpg using Guid(decdb4ca08f13a645ac5a4336a6a5ccc) Importer(815301076,1909f56bfc062723c751e8b465ee728b)  -> (artifact id: 'b7818d4b86b7132bf1f8fff3f0934a78') in 0.031210 seconds 
========================================================================
Received Import Request.
  Time since last request: 112.295375 seconds.
  path: Assets/Resources/Materials
  artifactKey: Guid(e6b41b4ebb862314aa23509a9010e5c2) Importer(815301076,1909f56bfc062723c751e8b465ee728b)
Start importing Assets/Resources/Materials using Guid(e6b41b4ebb862314aa23509a9010e5c2) Importer(815301076,1909f56bfc062723c751e8b465ee728b)  -> (artifact id: '3e6c7b56257081c83fac1564c8e4f259') in 0.012770 seconds 
========================================================================
Received Import Request.
  Time since last request: 19.244291 seconds.
  path: Assets/Resources/Materials/SnowMat.mat
  artifactKey: Guid(81af2e92bd6d7a6408c873f6192f2ef7) Importer(815301076,1909f56bfc062723c751e8b465ee728b)
Start importing Assets/Resources/Materials/SnowMat.mat using Guid(81af2e92bd6d7a6408c873f6192f2ef7) Importer(815301076,1909f56bfc062723c751e8b465ee728b)  -> (artifact id: '03db24e6d2e66b2caee3492d8b55cb25') in 0.194218 seconds 
========================================================================
Received Import Request.
  Time since last request: 361.558982 seconds.
  path: Assets/Resources/Textures/NormalMap.png
  artifactKey: Guid(cbce1a12575005947ac1793b847deb1b) Importer(815301076,1909f56bfc062723c751e8b465ee728b)
Start importing Assets/Resources/Textures/NormalMap.png using Guid(cbce1a12575005947ac1793b847deb1b) Importer(815301076,1909f56bfc062723c751e8b465ee728b)  -> (artifact id: '87ce5937b9957e5ad77d0715a90bdb4d') in 0.116844 seconds 
========================================================================
Received Import Request.
  Time since last request: 17.096463 seconds.
  path: Assets/Resources/Textures/NormalMap.png
  artifactKey: Guid(cbce1a12575005947ac1793b847deb1b) Importer(815301076,1909f56bfc062723c751e8b465ee728b)
Start importing Assets/Resources/Textures/NormalMap.png using Guid(cbce1a12575005947ac1793b847deb1b) Importer(815301076,1909f56bfc062723c751e8b465ee728b)  -> (artifact id: 'a38ebc5eea0dfd7abef7d7109613bd04') in 0.061501 seconds 
========================================================================
Received Import Request.
  Time since last request: 226.358993 seconds.
  path: Assets/Resources/Materials/SnowMat.mat
  artifactKey: Guid(81af2e92bd6d7a6408c873f6192f2ef7) Importer(815301076,1909f56bfc062723c751e8b465ee728b)
Start importing Assets/Resources/Materials/SnowMat.mat using Guid(81af2e92bd6d7a6408c873f6192f2ef7) Importer(815301076,1909f56bfc062723c751e8b465ee728b)  -> (artifact id: '176a3e0264f97e0b499326925b488c1f') in 0.062511 seconds 
AssetImportWorkerClient::OnTransportError - code=2 error=End of file
